<?xml version="1.0" encoding="UTF-8"?>
<!-- Generated by org.testng.reporters.JUnitReportReporter -->
<testsuite hostname="DESKTOP-HO8PPFB" failures="0" tests="2" name="com.ecommerce.ebay.cucumberspecifics.TestRunner" time="60.606" errors="0" timestamp="2023-04-13T13:11:51 IST" skipped="0">
  <testcase classname="com.ecommerce.ebay.cucumberspecifics.TestRunner" name="runScenario" time="43.596"/>
  <system-out/>
  <testcase classname="com.ecommerce.ebay.cucumberspecifics.TestRunner" name="runScenario" time="17.010"/>
  <system-out/>
</testsuite> <!-- com.ecommerce.ebay.cucumberspecifics.TestRunner -->
